<?xml version="1.0" encoding="UTF-8"?>
<testsuite xmlns:xsi="http://www.w3.org/2001/XMLSchema-instance" xsi:noNamespaceSchemaLocation="https://maven.apache.org/surefire/maven-surefire-plugin/xsd/surefire-test-report.xsd" name="com.mgl7460.yearmanipulation.AppTest" time="0.223" tests="4" errors="0" skipped="0" failures="0">
  <properties>
[...]
</properties>
  <testcase name="testGetNbYearsBetweenTwoValues" classname="com.mgl7460.yearmanipulation.AppTest" time="0.161"/>
  <testcase name="testYearLength" classname="com.mgl7460.yearmanipulation.AppTest" time="0"/>
  <testcase name="testThisYearLeapStatus" classname="com.mgl7460.yearmanipulation.AppTest" time="0.003"/>
  <testcase name="testGetThisYearCentury" classname="com.mgl7460.yearmanipulation.AppTest" time="0.01"/>
</testsuite>